{"/home/jeffrey/Documents/HACKTIV8/PHASE 3/FINAL-PROJECT-FOLDER/final-project/server/app.js": {"path":"/home/jeffrey/Documents/HACKTIV8/PHASE 3/FINAL-PROJECT-FOLDER/final-project/server/app.js","statementMap":{"0":{"start":{"line":1,"column":16},"end":{"line":1,"column":34}},"1":{"start":{"line":2,"column":12},"end":{"line":2,"column":21}},"2":{"start":{"line":4,"column":13},"end":{"line":4,"column":28}},"3":{"start":{"line":5,"column":23},"end":{"line":5,"column":62}},"4":{"start":{"line":6,"column":27},"end":{"line":6,"column":70}},"5":{"start":{"line":7,"column":19},"end":{"line":7,"column":56}},"6":{"start":{"line":8,"column":42},"end":{"line":8,"column":71}},"7":{"start":{"line":10,"column":0},"end":{"line":10,"column":48}},"8":{"start":{"line":11,"column":0},"end":{"line":11,"column":23}},"9":{"start":{"line":12,"column":0},"end":{"line":12,"column":15}},"10":{"start":{"line":14,"column":0},"end":{"line":14,"column":46}},"11":{"start":{"line":15,"column":0},"end":{"line":15,"column":40}},"12":{"start":{"line":16,"column":0},"end":{"line":16,"column":52}},"13":{"start":{"line":18,"column":0},"end":{"line":18,"column":67}},"14":{"start":{"line":19,"column":0},"end":{"line":19,"column":23}},"15":{"start":{"line":21,"column":0},"end":{"line":21,"column":40}},"16":{"start":{"line":22,"column":0},"end":{"line":22,"column":68}},"17":{"start":{"line":23,"column":0},"end":{"line":23,"column":56}},"18":{"start":{"line":25,"column":0},"end":{"line":25,"column":47}},"19":{"start":{"line":26,"column":0},"end":{"line":26,"column":69}},"20":{"start":{"line":27,"column":0},"end":{"line":27,"column":70}},"21":{"start":{"line":28,"column":0},"end":{"line":28,"column":67}},"22":{"start":{"line":30,"column":0},"end":{"line":30,"column":19}},"23":{"start":{"line":33,"column":0},"end":{"line":33,"column":20}}},"fnMap":{},"branchMap":{},"s":{"0":1,"1":1,"2":1,"3":1,"4":1,"5":1,"6":1,"7":1,"8":1,"9":1,"10":1,"11":1,"12":1,"13":1,"14":1,"15":1,"16":1,"17":1,"18":1,"19":1,"20":1,"21":1,"22":1,"23":1},"f":{},"b":{},"_coverageSchema":"1a1c01bbd47fc00a2c39e90264f33305004495a9","hash":"72e8f5963af1bceceac0924f1228a7092d107db1"}
,"/home/jeffrey/Documents/HACKTIV8/PHASE 3/FINAL-PROJECT-FOLDER/final-project/server/controllers/templateController.js": {"path":"/home/jeffrey/Documents/HACKTIV8/PHASE 3/FINAL-PROJECT-FOLDER/final-project/server/controllers/templateController.js","statementMap":{"0":{"start":{"line":1,"column":21},"end":{"line":1,"column":41}},"1":{"start":{"line":5,"column":19},"end":{"line":5,"column":30}},"2":{"start":{"line":6,"column":4},"end":{"line":10,"column":46}},"3":{"start":{"line":8,"column":8},"end":{"line":8,"column":35}},"4":{"start":{"line":10,"column":22},"end":{"line":10,"column":44}},"5":{"start":{"line":14,"column":23},"end":{"line":14,"column":44}},"6":{"start":{"line":15,"column":4},"end":{"line":28,"column":9}},"7":{"start":{"line":17,"column":8},"end":{"line":24,"column":9}},"8":{"start":{"line":18,"column":10},"end":{"line":18,"column":37}},"9":{"start":{"line":20,"column":10},"end":{"line":23,"column":13}},"10":{"start":{"line":27,"column":8},"end":{"line":27,"column":31}},"11":{"start":{"line":32,"column":23},"end":{"line":32,"column":44}},"12":{"start":{"line":33,"column":4},"end":{"line":53,"column":9}},"13":{"start":{"line":35,"column":8},"end":{"line":49,"column":9}},"14":{"start":{"line":36,"column":10},"end":{"line":43,"column":11}},"15":{"start":{"line":37,"column":12},"end":{"line":37,"column":39}},"16":{"start":{"line":39,"column":12},"end":{"line":42,"column":15}},"17":{"start":{"line":45,"column":10},"end":{"line":48,"column":13}},"18":{"start":{"line":52,"column":8},"end":{"line":52,"column":31}},"19":{"start":{"line":57,"column":23},"end":{"line":57,"column":44}},"20":{"start":{"line":58,"column":4},"end":{"line":64,"column":9}},"21":{"start":{"line":60,"column":8},"end":{"line":60,"column":75}},"22":{"start":{"line":63,"column":8},"end":{"line":63,"column":31}},"23":{"start":{"line":68,"column":17},"end":{"line":68,"column":28}},"24":{"start":{"line":70,"column":6},"end":{"line":70,"column":14}},"25":{"start":{"line":71,"column":4},"end":{"line":93,"column":9}},"26":{"start":{"line":82,"column":8},"end":{"line":82,"column":35}},"27":{"start":{"line":85,"column":8},"end":{"line":92,"column":9}},"28":{"start":{"line":86,"column":23},"end":{"line":88,"column":12}},"29":{"start":{"line":87,"column":12},"end":{"line":87,"column":29}},"30":{"start":{"line":89,"column":10},"end":{"line":89,"column":70}},"31":{"start":{"line":91,"column":10},"end":{"line":91,"column":33}},"32":{"start":{"line":97,"column":21},"end":{"line":97,"column":42}},"33":{"start":{"line":107,"column":8},"end":{"line":107,"column":16}},"34":{"start":{"line":108,"column":18},"end":{"line":117,"column":5}},"35":{"start":{"line":118,"column":4},"end":{"line":135,"column":9}},"36":{"start":{"line":120,"column":8},"end":{"line":127,"column":9}},"37":{"start":{"line":121,"column":10},"end":{"line":121,"column":56}},"38":{"start":{"line":123,"column":10},"end":{"line":126,"column":13}},"39":{"start":{"line":130,"column":8},"end":{"line":134,"column":9}},"40":{"start":{"line":131,"column":10},"end":{"line":131,"column":74}},"41":{"start":{"line":133,"column":10},"end":{"line":133,"column":33}},"42":{"start":{"line":139,"column":21},"end":{"line":139,"column":42}},"43":{"start":{"line":140,"column":19},"end":{"line":140,"column":36}},"44":{"start":{"line":141,"column":4},"end":{"line":156,"column":9}},"45":{"start":{"line":143,"column":8},"end":{"line":152,"column":9}},"46":{"start":{"line":144,"column":10},"end":{"line":146,"column":68}},"47":{"start":{"line":148,"column":10},"end":{"line":151,"column":13}},"48":{"start":{"line":155,"column":8},"end":{"line":155,"column":31}},"49":{"start":{"line":160,"column":0},"end":{"line":160,"column":36}}},"fnMap":{"0":{"name":"(anonymous_0)","decl":{"start":{"line":4,"column":2},"end":{"line":4,"column":3}},"loc":{"start":{"line":4,"column":33},"end":{"line":11,"column":3}},"line":4},"1":{"name":"(anonymous_1)","decl":{"start":{"line":7,"column":12},"end":{"line":7,"column":13}},"loc":{"start":{"line":7,"column":22},"end":{"line":9,"column":7}},"line":7},"2":{"name":"(anonymous_2)","decl":{"start":{"line":10,"column":13},"end":{"line":10,"column":14}},"loc":{"start":{"line":10,"column":22},"end":{"line":10,"column":44}},"line":10},"3":{"name":"(anonymous_3)","decl":{"start":{"line":13,"column":2},"end":{"line":13,"column":3}},"loc":{"start":{"line":13,"column":41},"end":{"line":29,"column":3}},"line":13},"4":{"name":"(anonymous_4)","decl":{"start":{"line":16,"column":12},"end":{"line":16,"column":13}},"loc":{"start":{"line":16,"column":22},"end":{"line":25,"column":7}},"line":16},"5":{"name":"(anonymous_5)","decl":{"start":{"line":26,"column":13},"end":{"line":26,"column":14}},"loc":{"start":{"line":26,"column":22},"end":{"line":28,"column":7}},"line":26},"6":{"name":"(anonymous_6)","decl":{"start":{"line":31,"column":2},"end":{"line":31,"column":3}},"loc":{"start":{"line":31,"column":49},"end":{"line":54,"column":3}},"line":31},"7":{"name":"(anonymous_7)","decl":{"start":{"line":34,"column":12},"end":{"line":34,"column":13}},"loc":{"start":{"line":34,"column":22},"end":{"line":50,"column":7}},"line":34},"8":{"name":"(anonymous_8)","decl":{"start":{"line":51,"column":13},"end":{"line":51,"column":14}},"loc":{"start":{"line":51,"column":22},"end":{"line":53,"column":7}},"line":51},"9":{"name":"(anonymous_9)","decl":{"start":{"line":56,"column":2},"end":{"line":56,"column":3}},"loc":{"start":{"line":56,"column":40},"end":{"line":65,"column":3}},"line":56},"10":{"name":"(anonymous_10)","decl":{"start":{"line":59,"column":12},"end":{"line":59,"column":13}},"loc":{"start":{"line":59,"column":18},"end":{"line":61,"column":7}},"line":59},"11":{"name":"(anonymous_11)","decl":{"start":{"line":62,"column":13},"end":{"line":62,"column":14}},"loc":{"start":{"line":62,"column":22},"end":{"line":64,"column":7}},"line":62},"12":{"name":"(anonymous_12)","decl":{"start":{"line":67,"column":2},"end":{"line":67,"column":3}},"loc":{"start":{"line":67,"column":40},"end":{"line":94,"column":3}},"line":67},"13":{"name":"(anonymous_13)","decl":{"start":{"line":81,"column":12},"end":{"line":81,"column":13}},"loc":{"start":{"line":81,"column":22},"end":{"line":83,"column":7}},"line":81},"14":{"name":"(anonymous_14)","decl":{"start":{"line":84,"column":13},"end":{"line":84,"column":14}},"loc":{"start":{"line":84,"column":22},"end":{"line":93,"column":7}},"line":84},"15":{"name":"(anonymous_15)","decl":{"start":{"line":86,"column":38},"end":{"line":86,"column":39}},"loc":{"start":{"line":86,"column":45},"end":{"line":88,"column":11}},"line":86},"16":{"name":"(anonymous_16)","decl":{"start":{"line":96,"column":2},"end":{"line":96,"column":3}},"loc":{"start":{"line":96,"column":40},"end":{"line":136,"column":3}},"line":96},"17":{"name":"(anonymous_17)","decl":{"start":{"line":119,"column":12},"end":{"line":119,"column":13}},"loc":{"start":{"line":119,"column":22},"end":{"line":128,"column":7}},"line":119},"18":{"name":"(anonymous_18)","decl":{"start":{"line":129,"column":13},"end":{"line":129,"column":14}},"loc":{"start":{"line":129,"column":22},"end":{"line":135,"column":7}},"line":129},"19":{"name":"(anonymous_19)","decl":{"start":{"line":138,"column":2},"end":{"line":138,"column":3}},"loc":{"start":{"line":138,"column":40},"end":{"line":157,"column":3}},"line":138},"20":{"name":"(anonymous_20)","decl":{"start":{"line":142,"column":12},"end":{"line":142,"column":13}},"loc":{"start":{"line":142,"column":22},"end":{"line":153,"column":7}},"line":142},"21":{"name":"(anonymous_21)","decl":{"start":{"line":154,"column":13},"end":{"line":154,"column":14}},"loc":{"start":{"line":154,"column":22},"end":{"line":156,"column":7}},"line":154}},"branchMap":{"0":{"loc":{"start":{"line":17,"column":8},"end":{"line":24,"column":9}},"type":"if","locations":[{"start":{"line":17,"column":8},"end":{"line":24,"column":9}},{"start":{"line":17,"column":8},"end":{"line":24,"column":9}}],"line":17},"1":{"loc":{"start":{"line":35,"column":8},"end":{"line":49,"column":9}},"type":"if","locations":[{"start":{"line":35,"column":8},"end":{"line":49,"column":9}},{"start":{"line":35,"column":8},"end":{"line":49,"column":9}}],"line":35},"2":{"loc":{"start":{"line":36,"column":10},"end":{"line":43,"column":11}},"type":"if","locations":[{"start":{"line":36,"column":10},"end":{"line":43,"column":11}},{"start":{"line":36,"column":10},"end":{"line":43,"column":11}}],"line":36},"3":{"loc":{"start":{"line":85,"column":8},"end":{"line":92,"column":9}},"type":"if","locations":[{"start":{"line":85,"column":8},"end":{"line":92,"column":9}},{"start":{"line":85,"column":8},"end":{"line":92,"column":9}}],"line":85},"4":{"loc":{"start":{"line":120,"column":8},"end":{"line":127,"column":9}},"type":"if","locations":[{"start":{"line":120,"column":8},"end":{"line":127,"column":9}},{"start":{"line":120,"column":8},"end":{"line":127,"column":9}}],"line":120},"5":{"loc":{"start":{"line":130,"column":8},"end":{"line":134,"column":9}},"type":"if","locations":[{"start":{"line":130,"column":8},"end":{"line":134,"column":9}},{"start":{"line":130,"column":8},"end":{"line":134,"column":9}}],"line":130},"6":{"loc":{"start":{"line":143,"column":8},"end":{"line":152,"column":9}},"type":"if","locations":[{"start":{"line":143,"column":8},"end":{"line":152,"column":9}},{"start":{"line":143,"column":8},"end":{"line":152,"column":9}}],"line":143}},"s":{"0":1,"1":0,"2":0,"3":0,"4":0,"5":0,"6":0,"7":0,"8":0,"9":0,"10":0,"11":0,"12":0,"13":0,"14":0,"15":0,"16":0,"17":0,"18":0,"19":0,"20":0,"21":0,"22":0,"23":0,"24":0,"25":0,"26":0,"27":0,"28":0,"29":0,"30":0,"31":0,"32":0,"33":0,"34":0,"35":0,"36":0,"37":0,"38":0,"39":0,"40":0,"41":0,"42":0,"43":0,"44":0,"45":0,"46":0,"47":0,"48":0,"49":1},"f":{"0":0,"1":0,"2":0,"3":0,"4":0,"5":0,"6":0,"7":0,"8":0,"9":0,"10":0,"11":0,"12":0,"13":0,"14":0,"15":0,"16":0,"17":0,"18":0,"19":0,"20":0,"21":0},"b":{"0":[0,0],"1":[0,0],"2":[0,0],"3":[0,0],"4":[0,0],"5":[0,0],"6":[0,0]},"_coverageSchema":"1a1c01bbd47fc00a2c39e90264f33305004495a9","hash":"3065523247b37bad0ed871e4fd16e3f6ae8fa07e"}
,"/home/jeffrey/Documents/HACKTIV8/PHASE 3/FINAL-PROJECT-FOLDER/final-project/server/controllers/userController.js": {"path":"/home/jeffrey/Documents/HACKTIV8/PHASE 3/FINAL-PROJECT-FOLDER/final-project/server/controllers/userController.js","statementMap":{"0":{"start":{"line":1,"column":17},"end":{"line":1,"column":43}},"1":{"start":{"line":2,"column":25},"end":{"line":2,"column":55}},"2":{"start":{"line":3,"column":25},"end":{"line":3,"column":50}},"3":{"start":{"line":4,"column":15},"end":{"line":4,"column":34}},"4":{"start":{"line":10,"column":30},"end":{"line":10,"column":38}},"5":{"start":{"line":12,"column":4},"end":{"line":33,"column":9}},"6":{"start":{"line":14,"column":8},"end":{"line":17,"column":11}},"7":{"start":{"line":20,"column":8},"end":{"line":32,"column":9}},"8":{"start":{"line":21,"column":23},"end":{"line":23,"column":12}},"9":{"start":{"line":22,"column":12},"end":{"line":22,"column":29}},"10":{"start":{"line":24,"column":10},"end":{"line":24,"column":70}},"11":{"start":{"line":25,"column":15},"end":{"line":32,"column":9}},"12":{"start":{"line":26,"column":23},"end":{"line":28,"column":12}},"13":{"start":{"line":27,"column":12},"end":{"line":27,"column":29}},"14":{"start":{"line":29,"column":10},"end":{"line":29,"column":76}},"15":{"start":{"line":31,"column":10},"end":{"line":31,"column":41}},"16":{"start":{"line":37,"column":30},"end":{"line":37,"column":38}},"17":{"start":{"line":38,"column":4},"end":{"line":64,"column":9}},"18":{"start":{"line":40,"column":8},"end":{"line":60,"column":9}},"19":{"start":{"line":41,"column":10},"end":{"line":54,"column":11}},"20":{"start":{"line":42,"column":33},"end":{"line":45,"column":14}},"21":{"start":{"line":46,"column":12},"end":{"line":48,"column":70}},"22":{"start":{"line":50,"column":12},"end":{"line":53,"column":15}},"23":{"start":{"line":56,"column":10},"end":{"line":59,"column":13}},"24":{"start":{"line":63,"column":8},"end":{"line":63,"column":39}},"25":{"start":{"line":69,"column":19},"end":{"line":71,"column":5}},"26":{"start":{"line":72,"column":4},"end":{"line":101,"column":9}},"27":{"start":{"line":79,"column":8},"end":{"line":79,"column":38}},"28":{"start":{"line":80,"column":8},"end":{"line":80,"column":65}},"29":{"start":{"line":83,"column":8},"end":{"line":90,"column":9}},"30":{"start":{"line":84,"column":10},"end":{"line":84,"column":27}},"31":{"start":{"line":86,"column":10},"end":{"line":89,"column":13}},"32":{"start":{"line":93,"column":27},"end":{"line":96,"column":10}},"33":{"start":{"line":97,"column":8},"end":{"line":97,"column":79}},"34":{"start":{"line":100,"column":8},"end":{"line":100,"column":39}},"35":{"start":{"line":105,"column":0},"end":{"line":105,"column":32}}},"fnMap":{"0":{"name":"(anonymous_0)","decl":{"start":{"line":9,"column":2},"end":{"line":9,"column":3}},"loc":{"start":{"line":9,"column":34},"end":{"line":34,"column":3}},"line":9},"1":{"name":"(anonymous_1)","decl":{"start":{"line":13,"column":12},"end":{"line":13,"column":13}},"loc":{"start":{"line":13,"column":22},"end":{"line":18,"column":7}},"line":13},"2":{"name":"(anonymous_2)","decl":{"start":{"line":19,"column":13},"end":{"line":19,"column":14}},"loc":{"start":{"line":19,"column":22},"end":{"line":33,"column":7}},"line":19},"3":{"name":"(anonymous_3)","decl":{"start":{"line":21,"column":38},"end":{"line":21,"column":39}},"loc":{"start":{"line":21,"column":45},"end":{"line":23,"column":11}},"line":21},"4":{"name":"(anonymous_4)","decl":{"start":{"line":26,"column":38},"end":{"line":26,"column":39}},"loc":{"start":{"line":26,"column":45},"end":{"line":28,"column":11}},"line":26},"5":{"name":"(anonymous_5)","decl":{"start":{"line":36,"column":2},"end":{"line":36,"column":3}},"loc":{"start":{"line":36,"column":31},"end":{"line":65,"column":3}},"line":36},"6":{"name":"(anonymous_6)","decl":{"start":{"line":39,"column":12},"end":{"line":39,"column":13}},"loc":{"start":{"line":39,"column":22},"end":{"line":61,"column":7}},"line":39},"7":{"name":"(anonymous_7)","decl":{"start":{"line":62,"column":13},"end":{"line":62,"column":14}},"loc":{"start":{"line":62,"column":22},"end":{"line":64,"column":7}},"line":62},"8":{"name":"(anonymous_8)","decl":{"start":{"line":67,"column":2},"end":{"line":67,"column":3}},"loc":{"start":{"line":67,"column":37},"end":{"line":102,"column":3}},"line":67},"9":{"name":"(anonymous_9)","decl":{"start":{"line":78,"column":12},"end":{"line":78,"column":13}},"loc":{"start":{"line":78,"column":24},"end":{"line":81,"column":7}},"line":78},"10":{"name":"(anonymous_10)","decl":{"start":{"line":82,"column":12},"end":{"line":82,"column":13}},"loc":{"start":{"line":82,"column":27},"end":{"line":91,"column":7}},"line":82},"11":{"name":"(anonymous_11)","decl":{"start":{"line":92,"column":12},"end":{"line":92,"column":13}},"loc":{"start":{"line":92,"column":22},"end":{"line":98,"column":7}},"line":92},"12":{"name":"(anonymous_12)","decl":{"start":{"line":99,"column":13},"end":{"line":99,"column":14}},"loc":{"start":{"line":99,"column":22},"end":{"line":101,"column":7}},"line":99}},"branchMap":{"0":{"loc":{"start":{"line":20,"column":8},"end":{"line":32,"column":9}},"type":"if","locations":[{"start":{"line":20,"column":8},"end":{"line":32,"column":9}},{"start":{"line":20,"column":8},"end":{"line":32,"column":9}}],"line":20},"1":{"loc":{"start":{"line":25,"column":15},"end":{"line":32,"column":9}},"type":"if","locations":[{"start":{"line":25,"column":15},"end":{"line":32,"column":9}},{"start":{"line":25,"column":15},"end":{"line":32,"column":9}}],"line":25},"2":{"loc":{"start":{"line":40,"column":8},"end":{"line":60,"column":9}},"type":"if","locations":[{"start":{"line":40,"column":8},"end":{"line":60,"column":9}},{"start":{"line":40,"column":8},"end":{"line":60,"column":9}}],"line":40},"3":{"loc":{"start":{"line":41,"column":10},"end":{"line":54,"column":11}},"type":"if","locations":[{"start":{"line":41,"column":10},"end":{"line":54,"column":11}},{"start":{"line":41,"column":10},"end":{"line":54,"column":11}}],"line":41},"4":{"loc":{"start":{"line":83,"column":8},"end":{"line":90,"column":9}},"type":"if","locations":[{"start":{"line":83,"column":8},"end":{"line":90,"column":9}},{"start":{"line":83,"column":8},"end":{"line":90,"column":9}}],"line":83}},"s":{"0":1,"1":1,"2":1,"3":1,"4":0,"5":0,"6":0,"7":0,"8":0,"9":0,"10":0,"11":0,"12":0,"13":0,"14":0,"15":0,"16":0,"17":0,"18":0,"19":0,"20":0,"21":0,"22":0,"23":0,"24":0,"25":0,"26":0,"27":0,"28":0,"29":0,"30":0,"31":0,"32":0,"33":0,"34":0,"35":1},"f":{"0":0,"1":0,"2":0,"3":0,"4":0,"5":0,"6":0,"7":0,"8":0,"9":0,"10":0,"11":0,"12":0},"b":{"0":[0,0],"1":[0,0],"2":[0,0],"3":[0,0],"4":[0,0]},"_coverageSchema":"1a1c01bbd47fc00a2c39e90264f33305004495a9","hash":"ee1ee9ea2b3f2f10cf7cf9d2724288617038d44e"}
,"/home/jeffrey/Documents/HACKTIV8/PHASE 3/FINAL-PROJECT-FOLDER/final-project/server/helpers/jwt.js": {"path":"/home/jeffrey/Documents/HACKTIV8/PHASE 3/FINAL-PROJECT-FOLDER/final-project/server/helpers/jwt.js","statementMap":{"0":{"start":{"line":1,"column":12},"end":{"line":1,"column":35}},"1":{"start":{"line":4,"column":4},"end":{"line":4,"column":39}},"2":{"start":{"line":8,"column":4},"end":{"line":8,"column":39}},"3":{"start":{"line":11,"column":0},"end":{"line":11,"column":47}}},"fnMap":{"0":{"name":"jwtGenerator","decl":{"start":{"line":3,"column":9},"end":{"line":3,"column":21}},"loc":{"start":{"line":3,"column":31},"end":{"line":5,"column":1}},"line":3},"1":{"name":"jwtValidator","decl":{"start":{"line":7,"column":9},"end":{"line":7,"column":21}},"loc":{"start":{"line":7,"column":29},"end":{"line":9,"column":1}},"line":7}},"branchMap":{},"s":{"0":1,"1":0,"2":0,"3":1},"f":{"0":0,"1":0},"b":{},"_coverageSchema":"1a1c01bbd47fc00a2c39e90264f33305004495a9","hash":"8a0abb5ba47d959e118b6b3f08f8b9063fe7c85e"}
,"/home/jeffrey/Documents/HACKTIV8/PHASE 3/FINAL-PROJECT-FOLDER/final-project/server/middlewares/auth.js": {"path":"/home/jeffrey/Documents/HACKTIV8/PHASE 3/FINAL-PROJECT-FOLDER/final-project/server/middlewares/auth.js","statementMap":{"0":{"start":{"line":1,"column":25},"end":{"line":1,"column":50}},"1":{"start":{"line":2,"column":27},"end":{"line":2,"column":47}},"2":{"start":{"line":5,"column":23},"end":{"line":5,"column":47}},"3":{"start":{"line":6,"column":2},"end":{"line":27,"column":3}},"4":{"start":{"line":7,"column":4},"end":{"line":23,"column":5}},"5":{"start":{"line":8,"column":22},"end":{"line":8,"column":48}},"6":{"start":{"line":9,"column":6},"end":{"line":20,"column":8}},"7":{"start":{"line":11,"column":8},"end":{"line":16,"column":9}},"8":{"start":{"line":12,"column":10},"end":{"line":12,"column":53}},"9":{"start":{"line":13,"column":10},"end":{"line":13,"column":16}},"10":{"start":{"line":15,"column":10},"end":{"line":15,"column":62}},"11":{"start":{"line":19,"column":8},"end":{"line":19,"column":28}},"12":{"start":{"line":22,"column":6},"end":{"line":22,"column":58}},"13":{"start":{"line":26,"column":4},"end":{"line":26,"column":65}},"14":{"start":{"line":31,"column":21},"end":{"line":31,"column":43}},"15":{"start":{"line":32,"column":2},"end":{"line":47,"column":4}},"16":{"start":{"line":34,"column":4},"end":{"line":43,"column":5}},"17":{"start":{"line":35,"column":8},"end":{"line":39,"column":9}},"18":{"start":{"line":36,"column":10},"end":{"line":36,"column":16}},"19":{"start":{"line":38,"column":10},"end":{"line":38,"column":66}},"20":{"start":{"line":42,"column":6},"end":{"line":42,"column":76}},"21":{"start":{"line":46,"column":4},"end":{"line":46,"column":24}},"22":{"start":{"line":50,"column":0},"end":{"line":50,"column":50}}},"fnMap":{"0":{"name":"authentication","decl":{"start":{"line":4,"column":9},"end":{"line":4,"column":23}},"loc":{"start":{"line":4,"column":40},"end":{"line":28,"column":1}},"line":4},"1":{"name":"(anonymous_1)","decl":{"start":{"line":10,"column":12},"end":{"line":10,"column":13}},"loc":{"start":{"line":10,"column":20},"end":{"line":17,"column":7}},"line":10},"2":{"name":"(anonymous_2)","decl":{"start":{"line":18,"column":13},"end":{"line":18,"column":14}},"loc":{"start":{"line":18,"column":20},"end":{"line":20,"column":7}},"line":18},"3":{"name":"authorization","decl":{"start":{"line":30,"column":9},"end":{"line":30,"column":22}},"loc":{"start":{"line":30,"column":39},"end":{"line":48,"column":1}},"line":30},"4":{"name":"(anonymous_4)","decl":{"start":{"line":33,"column":8},"end":{"line":33,"column":9}},"loc":{"start":{"line":33,"column":20},"end":{"line":44,"column":3}},"line":33},"5":{"name":"(anonymous_5)","decl":{"start":{"line":45,"column":9},"end":{"line":45,"column":10}},"loc":{"start":{"line":45,"column":16},"end":{"line":47,"column":3}},"line":45}},"branchMap":{"0":{"loc":{"start":{"line":6,"column":2},"end":{"line":27,"column":3}},"type":"if","locations":[{"start":{"line":6,"column":2},"end":{"line":27,"column":3}},{"start":{"line":6,"column":2},"end":{"line":27,"column":3}}],"line":6},"1":{"loc":{"start":{"line":11,"column":8},"end":{"line":16,"column":9}},"type":"if","locations":[{"start":{"line":11,"column":8},"end":{"line":16,"column":9}},{"start":{"line":11,"column":8},"end":{"line":16,"column":9}}],"line":11},"2":{"loc":{"start":{"line":34,"column":4},"end":{"line":43,"column":5}},"type":"if","locations":[{"start":{"line":34,"column":4},"end":{"line":43,"column":5}},{"start":{"line":34,"column":4},"end":{"line":43,"column":5}}],"line":34},"3":{"loc":{"start":{"line":35,"column":8},"end":{"line":39,"column":9}},"type":"if","locations":[{"start":{"line":35,"column":8},"end":{"line":39,"column":9}},{"start":{"line":35,"column":8},"end":{"line":39,"column":9}}],"line":35}},"s":{"0":1,"1":1,"2":0,"3":0,"4":0,"5":0,"6":0,"7":0,"8":0,"9":0,"10":0,"11":0,"12":0,"13":0,"14":0,"15":0,"16":0,"17":0,"18":0,"19":0,"20":0,"21":0,"22":1},"f":{"0":0,"1":0,"2":0,"3":0,"4":0,"5":0},"b":{"0":[0,0],"1":[0,0],"2":[0,0],"3":[0,0]},"_coverageSchema":"1a1c01bbd47fc00a2c39e90264f33305004495a9","hash":"b0216b45d4149f05bb61e4c9c1a3edcbe6b9d11c"}
,"/home/jeffrey/Documents/HACKTIV8/PHASE 3/FINAL-PROJECT-FOLDER/final-project/server/middlewares/errorHandler.js": {"path":"/home/jeffrey/Documents/HACKTIV8/PHASE 3/FINAL-PROJECT-FOLDER/final-project/server/middlewares/errorHandler.js","statementMap":{"0":{"start":{"line":1,"column":19},"end":{"line":25,"column":3}},"1":{"start":{"line":4,"column":15},"end":{"line":4,"column":23}},"2":{"start":{"line":5,"column":17},"end":{"line":5,"column":28}},"3":{"start":{"line":6,"column":4},"end":{"line":24,"column":5}},"4":{"start":{"line":9,"column":8},"end":{"line":9,"column":38}},"5":{"start":{"line":10,"column":6},"end":{"line":10,"column":11}},"6":{"start":{"line":14,"column":8},"end":{"line":14,"column":38}},"7":{"start":{"line":15,"column":8},"end":{"line":15,"column":13}},"8":{"start":{"line":17,"column":8},"end":{"line":17,"column":38}},"9":{"start":{"line":19,"column":8},"end":{"line":19,"column":38}},"10":{"start":{"line":20,"column":8},"end":{"line":20,"column":13}},"11":{"start":{"line":22,"column":8},"end":{"line":22,"column":38}},"12":{"start":{"line":23,"column":8},"end":{"line":23,"column":13}},"13":{"start":{"line":27,"column":2},"end":{"line":27,"column":29}}},"fnMap":{"0":{"name":"(anonymous_0)","decl":{"start":{"line":1,"column":19},"end":{"line":1,"column":20}},"loc":{"start":{"line":1,"column":44},"end":{"line":25,"column":3}},"line":1}},"branchMap":{"0":{"loc":{"start":{"line":6,"column":4},"end":{"line":24,"column":5}},"type":"switch","locations":[{"start":{"line":7,"column":6},"end":{"line":7,"column":38}},{"start":{"line":8,"column":6},"end":{"line":10,"column":11}},{"start":{"line":11,"column":6},"end":{"line":11,"column":24}},{"start":{"line":12,"column":6},"end":{"line":12,"column":26}},{"start":{"line":13,"column":6},"end":{"line":15,"column":13}},{"start":{"line":16,"column":6},"end":{"line":17,"column":38}},{"start":{"line":18,"column":6},"end":{"line":20,"column":13}},{"start":{"line":21,"column":6},"end":{"line":23,"column":13}}],"line":6}},"s":{"0":1,"1":0,"2":0,"3":0,"4":0,"5":0,"6":0,"7":0,"8":0,"9":0,"10":0,"11":0,"12":0,"13":1},"f":{"0":0},"b":{"0":[0,0,0,0,0,0,0,0]},"_coverageSchema":"1a1c01bbd47fc00a2c39e90264f33305004495a9","hash":"7580a28809b8753d6c041d554cc35721cd4785b6"}
,"/home/jeffrey/Documents/HACKTIV8/PHASE 3/FINAL-PROJECT-FOLDER/final-project/server/models/index.js": {"path":"/home/jeffrey/Documents/HACKTIV8/PHASE 3/FINAL-PROJECT-FOLDER/final-project/server/models/index.js","statementMap":{"0":{"start":{"line":3,"column":11},"end":{"line":3,"column":24}},"1":{"start":{"line":4,"column":13},"end":{"line":4,"column":28}},"2":{"start":{"line":5,"column":18},"end":{"line":5,"column":38}},"3":{"start":{"line":6,"column":17},"end":{"line":6,"column":42}},"4":{"start":{"line":7,"column":12},"end":{"line":7,"column":49}},"5":{"start":{"line":8,"column":15},"end":{"line":8,"column":65}},"6":{"start":{"line":9,"column":11},"end":{"line":9,"column":13}},"7":{"start":{"line":12,"column":0},"end":{"line":16,"column":1}},"8":{"start":{"line":13,"column":2},"end":{"line":13,"column":74}},"9":{"start":{"line":15,"column":2},"end":{"line":15,"column":87}},"10":{"start":{"line":18,"column":0},"end":{"line":26,"column":5}},"11":{"start":{"line":21,"column":4},"end":{"line":21,"column":90}},"12":{"start":{"line":24,"column":18},"end":{"line":24,"column":85}},"13":{"start":{"line":25,"column":4},"end":{"line":25,"column":27}},"14":{"start":{"line":28,"column":0},"end":{"line":32,"column":3}},"15":{"start":{"line":29,"column":2},"end":{"line":31,"column":3}},"16":{"start":{"line":30,"column":4},"end":{"line":30,"column":32}},"17":{"start":{"line":34,"column":0},"end":{"line":34,"column":25}},"18":{"start":{"line":35,"column":0},"end":{"line":35,"column":25}},"19":{"start":{"line":37,"column":0},"end":{"line":37,"column":20}}},"fnMap":{"0":{"name":"(anonymous_0)","decl":{"start":{"line":20,"column":10},"end":{"line":20,"column":11}},"loc":{"start":{"line":20,"column":18},"end":{"line":22,"column":3}},"line":20},"1":{"name":"(anonymous_1)","decl":{"start":{"line":23,"column":11},"end":{"line":23,"column":12}},"loc":{"start":{"line":23,"column":19},"end":{"line":26,"column":3}},"line":23},"2":{"name":"(anonymous_2)","decl":{"start":{"line":28,"column":24},"end":{"line":28,"column":25}},"loc":{"start":{"line":28,"column":37},"end":{"line":32,"column":1}},"line":28}},"branchMap":{"0":{"loc":{"start":{"line":7,"column":12},"end":{"line":7,"column":49}},"type":"binary-expr","locations":[{"start":{"line":7,"column":12},"end":{"line":7,"column":32}},{"start":{"line":7,"column":36},"end":{"line":7,"column":49}}],"line":7},"1":{"loc":{"start":{"line":12,"column":0},"end":{"line":16,"column":1}},"type":"if","locations":[{"start":{"line":12,"column":0},"end":{"line":16,"column":1}},{"start":{"line":12,"column":0},"end":{"line":16,"column":1}}],"line":12},"2":{"loc":{"start":{"line":21,"column":11},"end":{"line":21,"column":89}},"type":"binary-expr","locations":[{"start":{"line":21,"column":12},"end":{"line":21,"column":35}},{"start":{"line":21,"column":41},"end":{"line":21,"column":58}},{"start":{"line":21,"column":64},"end":{"line":21,"column":88}}],"line":21},"3":{"loc":{"start":{"line":29,"column":2},"end":{"line":31,"column":3}},"type":"if","locations":[{"start":{"line":29,"column":2},"end":{"line":31,"column":3}},{"start":{"line":29,"column":2},"end":{"line":31,"column":3}}],"line":29}},"s":{"0":1,"1":1,"2":1,"3":1,"4":1,"5":1,"6":1,"7":1,"8":0,"9":1,"10":1,"11":3,"12":2,"13":2,"14":1,"15":2,"16":2,"17":1,"18":1,"19":1},"f":{"0":3,"1":2,"2":2},"b":{"0":[1,0],"1":[0,1],"2":[3,3,2],"3":[2,0]},"_coverageSchema":"1a1c01bbd47fc00a2c39e90264f33305004495a9","hash":"3d0b5ed041ab85f66ccbced081f92182ae751a82"}
,"/home/jeffrey/Documents/HACKTIV8/PHASE 3/FINAL-PROJECT-FOLDER/final-project/server/models/template.js": {"path":"/home/jeffrey/Documents/HACKTIV8/PHASE 3/FINAL-PROJECT-FOLDER/final-project/server/models/template.js","statementMap":{"0":{"start":{"line":4,"column":4},"end":{"line":4,"column":24}},"1":{"start":{"line":5,"column":0},"end":{"line":68,"column":2}},"2":{"start":{"line":16,"column":2},"end":{"line":66,"column":5}},"3":{"start":{"line":63,"column":8},"end":{"line":63,"column":33}},"4":{"start":{"line":67,"column":2},"end":{"line":67,"column":18}}},"fnMap":{"0":{"name":"(anonymous_0)","decl":{"start":{"line":5,"column":17},"end":{"line":5,"column":18}},"loc":{"start":{"line":5,"column":43},"end":{"line":68,"column":1}},"line":5},"1":{"name":"(anonymous_1)","decl":{"start":{"line":12,"column":4},"end":{"line":12,"column":5}},"loc":{"start":{"line":12,"column":29},"end":{"line":14,"column":5}},"line":12},"2":{"name":"(anonymous_2)","decl":{"start":{"line":62,"column":20},"end":{"line":62,"column":21}},"loc":{"start":{"line":62,"column":34},"end":{"line":64,"column":7}},"line":62}},"branchMap":{},"s":{"0":1,"1":1,"2":1,"3":0,"4":1},"f":{"0":1,"1":1,"2":0},"b":{},"_coverageSchema":"1a1c01bbd47fc00a2c39e90264f33305004495a9","hash":"c300cad6bd4368ca7d198017be56eb623b2fc29d"}
,"/home/jeffrey/Documents/HACKTIV8/PHASE 3/FINAL-PROJECT-FOLDER/final-project/server/models/user.js": {"path":"/home/jeffrey/Documents/HACKTIV8/PHASE 3/FINAL-PROJECT-FOLDER/final-project/server/models/user.js","statementMap":{"0":{"start":{"line":2,"column":15},"end":{"line":2,"column":34}},"1":{"start":{"line":6,"column":4},"end":{"line":6,"column":24}},"2":{"start":{"line":7,"column":0},"end":{"line":59,"column":2}},"3":{"start":{"line":18,"column":2},"end":{"line":57,"column":5}},"4":{"start":{"line":54,"column":8},"end":{"line":54,"column":66}},"5":{"start":{"line":58,"column":2},"end":{"line":58,"column":14}}},"fnMap":{"0":{"name":"(anonymous_0)","decl":{"start":{"line":7,"column":17},"end":{"line":7,"column":18}},"loc":{"start":{"line":7,"column":43},"end":{"line":59,"column":1}},"line":7},"1":{"name":"(anonymous_1)","decl":{"start":{"line":14,"column":4},"end":{"line":14,"column":5}},"loc":{"start":{"line":14,"column":29},"end":{"line":16,"column":5}},"line":14},"2":{"name":"(anonymous_2)","decl":{"start":{"line":53,"column":20},"end":{"line":53,"column":21}},"loc":{"start":{"line":53,"column":34},"end":{"line":55,"column":7}},"line":53}},"branchMap":{},"s":{"0":1,"1":1,"2":1,"3":1,"4":1,"5":1},"f":{"0":1,"1":1,"2":1},"b":{},"_coverageSchema":"1a1c01bbd47fc00a2c39e90264f33305004495a9","hash":"376b446240ca215e52f4feae8295a3920684ff54"}
}
