TN:
SF:app.js
FNF:0
FNH:0
DA:1,2
DA:2,2
DA:4,2
DA:5,2
DA:6,2
DA:7,2
DA:8,2
DA:10,2
DA:11,2
DA:12,2
DA:14,2
DA:15,2
DA:16,2
DA:18,2
DA:19,2
DA:21,2
DA:22,2
DA:23,2
DA:25,2
DA:26,2
DA:27,2
DA:28,2
DA:30,2
DA:33,2
LF:24
LH:24
BRF:0
BRH:0
end_of_record
TN:
SF:controllers/templateController.js
FN:4,(anonymous_0)
FN:7,(anonymous_1)
FN:10,(anonymous_2)
FN:13,(anonymous_3)
FN:16,(anonymous_4)
FN:23,(anonymous_5)
FN:28,(anonymous_6)
FN:31,(anonymous_7)
FN:42,(anonymous_8)
FN:47,(anonymous_9)
FN:50,(anonymous_10)
FN:58,(anonymous_11)
FN:61,(anonymous_12)
FN:65,(anonymous_13)
FN:68,(anonymous_14)
FN:70,(anonymous_15)
FN:80,(anonymous_16)
FN:86,(anonymous_17)
FN:93,(anonymous_18)
FN:102,(anonymous_19)
FN:106,(anonymous_20)
FN:113,(anonymous_21)
FNF:22
FNH:16
FNDA:1,(anonymous_0)
FNDA:1,(anonymous_1)
FNDA:0,(anonymous_2)
FNDA:2,(anonymous_3)
FNDA:2,(anonymous_4)
FNDA:0,(anonymous_5)
FNDA:2,(anonymous_6)
FNDA:2,(anonymous_7)
FNDA:0,(anonymous_8)
FNDA:1,(anonymous_9)
FNDA:1,(anonymous_10)
FNDA:0,(anonymous_11)
FNDA:2,(anonymous_12)
FNDA:1,(anonymous_13)
FNDA:1,(anonymous_14)
FNDA:1,(anonymous_15)
FNDA:1,(anonymous_16)
FNDA:1,(anonymous_17)
FNDA:0,(anonymous_18)
FNDA:1,(anonymous_19)
FNDA:1,(anonymous_20)
FNDA:0,(anonymous_21)
DA:1,2
DA:5,1
DA:6,1
DA:8,1
DA:10,0
DA:14,2
DA:15,2
DA:17,2
DA:18,1
DA:20,1
DA:24,0
DA:29,2
DA:30,2
DA:32,2
DA:33,2
DA:34,1
DA:36,1
DA:39,0
DA:43,0
DA:48,1
DA:49,1
DA:51,1
DA:52,1
DA:54,0
DA:55,0
DA:58,0
DA:62,2
DA:63,2
DA:64,2
DA:66,1
DA:69,1
DA:70,1
DA:71,1
DA:73,1
DA:75,0
DA:81,1
DA:82,1
DA:83,1
DA:85,1
DA:87,1
DA:88,1
DA:90,0
DA:94,0
DA:95,0
DA:97,0
DA:103,1
DA:104,1
DA:105,1
DA:107,1
DA:108,1
DA:110,0
DA:114,0
DA:119,2
LF:53
LH:39
BRDA:17,0,0,1
BRDA:17,0,1,1
BRDA:32,1,0,2
BRDA:32,1,1,0
BRDA:33,2,0,1
BRDA:33,2,1,1
BRDA:51,3,0,1
BRDA:51,3,1,0
BRDA:69,4,0,1
BRDA:69,4,1,0
BRDA:87,5,0,1
BRDA:87,5,1,0
BRDA:94,6,0,0
BRDA:94,6,1,0
BRDA:107,7,0,1
BRDA:107,7,1,0
BRF:16
BRH:9
end_of_record
TN:
SF:controllers/userController.js
FN:10,(anonymous_0)
FN:14,(anonymous_1)
FN:20,(anonymous_2)
FN:22,(anonymous_3)
FN:27,(anonymous_4)
FN:37,(anonymous_5)
FN:40,(anonymous_6)
FN:55,(anonymous_7)
FN:60,(anonymous_8)
FN:69,(anonymous_9)
FN:73,(anonymous_10)
FN:83,(anonymous_11)
FN:90,(anonymous_12)
FNF:13
FNH:7
FNDA:7,(anonymous_0)
FNDA:1,(anonymous_1)
FNDA:6,(anonymous_2)
FNDA:6,(anonymous_3)
FNDA:1,(anonymous_4)
FNDA:3,(anonymous_5)
FNDA:3,(anonymous_6)
FNDA:0,(anonymous_7)
FNDA:0,(anonymous_8)
FNDA:0,(anonymous_9)
FNDA:0,(anonymous_10)
FNDA:0,(anonymous_11)
FNDA:0,(anonymous_12)
DA:1,2
DA:2,2
DA:3,2
DA:4,2
DA:11,7
DA:13,7
DA:15,1
DA:21,6
DA:22,5
DA:23,6
DA:25,5
DA:26,1
DA:27,1
DA:28,1
DA:30,1
DA:32,0
DA:38,3
DA:39,3
DA:41,3
DA:42,2
DA:43,1
DA:47,1
DA:49,1
DA:52,1
DA:56,0
DA:61,0
DA:64,0
DA:65,0
DA:70,0
DA:71,0
DA:74,0
DA:75,0
DA:77,0
DA:84,0
DA:88,0
DA:90,0
DA:94,2
LF:37
LH:24
BRDA:21,0,0,5
BRDA:21,0,1,1
BRDA:26,1,0,1
BRDA:26,1,1,0
BRDA:41,2,0,2
BRDA:41,2,1,1
BRDA:42,3,0,1
BRDA:42,3,1,1
BRDA:74,4,0,0
BRDA:74,4,1,0
BRF:10
BRH:7
end_of_record
TN:
SF:helpers/jwt.js
FN:3,jwtGenerator
FN:7,jwtValidator
FNF:2
FNH:2
FNDA:1,jwtGenerator
FNDA:11,jwtValidator
DA:1,2
DA:4,1
DA:8,11
DA:11,2
LF:4
LH:4
BRF:0
BRH:0
end_of_record
TN:
SF:middlewares/auth.js
FN:4,authentication
FN:10,(anonymous_1)
FN:18,(anonymous_2)
FN:30,authorization
FN:33,(anonymous_4)
FN:45,(anonymous_5)
FNF:6
FNH:4
FNDA:12,authentication
FNDA:10,(anonymous_1)
FNDA:0,(anonymous_2)
FNDA:5,authorization
FNDA:5,(anonymous_4)
FNDA:0,(anonymous_5)
DA:1,2
DA:2,2
DA:5,12
DA:6,12
DA:7,11
DA:8,11
DA:9,10
DA:11,10
DA:12,10
DA:13,10
DA:15,0
DA:19,0
DA:22,1
DA:26,1
DA:31,5
DA:32,5
DA:34,5
DA:35,3
DA:36,3
DA:38,0
DA:42,2
DA:46,0
DA:50,2
LF:23
LH:19
BRDA:6,0,0,11
BRDA:6,0,1,1
BRDA:11,1,0,10
BRDA:11,1,1,0
BRDA:34,2,0,3
BRDA:34,2,1,2
BRDA:35,3,0,3
BRDA:35,3,1,0
BRF:8
BRH:6
end_of_record
TN:
SF:middlewares/errorHandler.js
FN:1,(anonymous_0)
FNF:1
FNH:1
FNDA:15,(anonymous_0)
DA:1,2
DA:4,15
DA:5,15
DA:6,15
DA:9,7
DA:10,7
DA:14,4
DA:15,4
DA:17,0
DA:19,4
DA:20,4
DA:22,0
DA:23,0
DA:24,0
DA:28,2
LF:15
LH:11
BRDA:6,0,0,6
BRDA:6,0,1,7
BRDA:6,0,2,1
BRDA:6,0,3,2
BRDA:6,0,4,4
BRDA:6,0,5,0
BRDA:6,0,6,4
BRDA:6,0,7,0
BRF:8
BRH:6
end_of_record
TN:
SF:models/index.js
FN:20,(anonymous_0)
FN:23,(anonymous_1)
FN:28,(anonymous_2)
FNF:3
FNH:3
FNDA:6,(anonymous_0)
FNDA:4,(anonymous_1)
FNDA:4,(anonymous_2)
DA:3,2
DA:4,2
DA:5,2
DA:6,2
DA:7,2
DA:8,2
DA:9,2
DA:12,2
DA:13,0
DA:15,2
DA:18,2
DA:21,6
DA:24,4
DA:25,4
DA:28,2
DA:29,4
DA:30,4
DA:34,2
DA:35,2
DA:37,2
LF:20
LH:19
BRDA:7,0,0,2
BRDA:7,0,1,0
BRDA:12,1,0,0
BRDA:12,1,1,2
BRDA:21,2,0,6
BRDA:21,2,1,6
BRDA:21,2,2,4
BRDA:29,3,0,4
BRDA:29,3,1,0
BRF:9
BRH:6
end_of_record
TN:
SF:models/template.js
FN:5,(anonymous_0)
FN:12,(anonymous_1)
FN:62,(anonymous_2)
FNF:3
FNH:3
FNDA:2,(anonymous_0)
FNDA:2,(anonymous_1)
FNDA:2,(anonymous_2)
DA:4,2
DA:5,2
DA:16,2
DA:63,2
DA:67,2
LF:5
LH:5
BRF:0
BRH:0
end_of_record
TN:
SF:models/user.js
FN:7,(anonymous_0)
FN:14,(anonymous_1)
FN:53,(anonymous_2)
FNF:3
FNH:3
FNDA:2,(anonymous_0)
FNDA:2,(anonymous_1)
FNDA:3,(anonymous_2)
DA:2,2
DA:6,2
DA:7,2
DA:18,2
DA:54,3
DA:58,2
LF:6
LH:6
BRF:0
BRH:0
end_of_record
